<?xml version="1.0" encoding="UTF-8"?>
<!-- Generated by org.testng.reporters.JUnitReportReporter -->
<testsuite skipped="0" hostname="IT-PC" name="com.pavanoi.testcases.TC_LoginTest_001" tests="1" failures="0" timestamp="28 May 2019 06:36:04 GMT" time="22.116" errors="0">
  <testcase name="loginTest" time="22.116" classname="com.pavanoi.testcases.TC_LoginTest_001"/>
</testsuite> <!-- com.pavanoi.testcases.TC_LoginTest_001 -->
