<?xml version="1.0" encoding="UTF-8"?>
<!-- Generated by org.testng.reporters.JUnitReportReporter -->
<testsuite skipped="0" hostname="IT-PC" name="com.pavanoi.testcases.TC_AddCustomerTest_003" tests="1" failures="0" timestamp="28 May 2019 06:36:04 GMT" time="30.136" errors="0">
  <testcase name="addNewCustomer" time="30.136" classname="com.pavanoi.testcases.TC_AddCustomerTest_003"/>
</testsuite> <!-- com.pavanoi.testcases.TC_AddCustomerTest_003 -->
