<?xml version="1.0" encoding="UTF-8"?>
<!-- Generated by org.testng.reporters.JUnitReportReporter -->
<testsuite skipped="0" hostname="IT-PC" name="com.pavanoi.testcases.TC_LoginTest_001" tests="1" failures="0" timestamp="28 May 2019 08:07:18 GMT" time="66.259" errors="0">
  <testcase name="loginTest" time="66.259" classname="com.pavanoi.testcases.TC_LoginTest_001"/>
</testsuite> <!-- com.pavanoi.testcases.TC_LoginTest_001 -->
